<?xml version="1.0" encoding="UTF-8"?>
<!-- Generated by org.testng.reporters.JUnitReportReporter -->
<testsuite skipped="0" hostname="DESKTOP-F6N51LF" name="leaf.Lead.CreateLeadTest" tests="1" failures="0" timestamp="26 May 2018 06:36:16 GMT" time="0.027" errors="0">
  <testcase name="createLead" time="0.027" classname="leaf.Lead.CreateLeadTest"/>
</testsuite> <!-- leaf.Lead.CreateLeadTest -->
