<?xml version="1.0" encoding="UTF-8"?>
<!-- Generated by org.testng.reporters.JUnitReportReporter -->
<testsuite skipped="1" hostname="DESKTOP-F6N51LF" name="leaf.Lead.EditLead" tests="1" failures="0" timestamp="27 May 2018 06:00:33 GMT" time="0.000" errors="0">
  <testcase name="editLead" time="0.000" classname="leaf.Lead.EditLead">
    <skipped/>
  </testcase> <!-- editLead -->
</testsuite> <!-- leaf.Lead.EditLead -->
