<?xml version="1.0" encoding="UTF-8"?>
<!-- Generated by org.testng.reporters.JUnitReportReporter -->
<testsuite skipped="0" hostname="DESKTOP-F6N51LF" name="leaf.Lead.CreateLead" tests="2" failures="0" timestamp="02 Jun 2018 04:58:54 GMT" time="36.483" errors="0">
  <testcase name="createLead" time="19.558" classname="leaf.Lead.CreateLead"/>
  <testcase name="createLead" time="16.925" classname="leaf.Lead.CreateLead"/>
</testsuite> <!-- leaf.Lead.CreateLead -->
